2024-04-09 10:51:32,399 - log/train.log - INFO - num_chars      :	3413
2024-04-09 10:51:32,400 - log/train.log - INFO - char_dim       :	128
2024-04-09 10:51:32,400 - log/train.log - INFO - num_tags       :	25
2024-04-09 10:51:32,400 - log/train.log - INFO - seg_dim        :	20
2024-04-09 10:51:32,400 - log/train.log - INFO - lstm_dim       :	128
2024-04-09 10:51:32,400 - log/train.log - INFO - batch_size     :	256.0
2024-04-09 10:51:32,400 - log/train.log - INFO - emb_file       :	wiki_100.utf8
2024-04-09 10:51:32,400 - log/train.log - INFO - clip           :	5.0
2024-04-09 10:51:32,401 - log/train.log - INFO - dropout_keep   :	0.5
2024-04-09 10:51:32,401 - log/train.log - INFO - optimizer      :	adam
2024-04-09 10:51:32,401 - log/train.log - INFO - lr             :	0.001
2024-04-09 10:51:32,401 - log/train.log - INFO - tag_schema     :	iobes
2024-04-09 10:51:32,401 - log/train.log - INFO - pre_emb        :	True
2024-04-09 10:51:32,401 - log/train.log - INFO - zeros          :	False
2024-04-09 10:51:32,401 - log/train.log - INFO - lower          :	True
2024-04-09 10:51:35,207 - log/train.log - INFO - Created model with fresh parameters.
2024-04-09 10:51:36,191 - log/train.log - INFO - Load pre-trained embedding.
2024-04-09 10:51:36,191 - log/train.log - INFO - start training
2024-04-09 10:51:44,824 - log/train.log - INFO - iteration:1 step:100/389, NER loss:19.915857
2024-04-09 10:51:51,046 - log/train.log - INFO - iteration:1 step:200/389, NER loss:11.518990
2024-04-09 10:51:57,236 - log/train.log - INFO - iteration:1 step:300/389, NER loss: 8.536199
2024-04-09 10:52:03,102 - log/train.log - INFO - evaluate:dev
2024-04-09 10:52:16,690 - log/train.log - INFO - processed 275657 tokens with 21991 phrases; found: 17145 phrases; correct: 8669.

2024-04-09 10:52:16,690 - log/train.log - INFO - accuracy:  82.30%; precision:  50.56%; recall:  39.42%; FB1:  44.30

2024-04-09 10:52:16,690 - log/train.log - INFO -              CORP: precision:  54.21%; recall:  55.84%; FB1:  55.01  4154

2024-04-09 10:52:16,691 - log/train.log - INFO -                CW: precision:  43.29%; recall:  27.42%; FB1:  33.57  6121

2024-04-09 10:52:16,691 - log/train.log - INFO -               GRP: precision:  14.25%; recall:  13.94%; FB1:  14.09  407

2024-04-09 10:52:16,691 - log/train.log - INFO -               LOC: precision:  38.93%; recall:  23.74%; FB1:  29.49  845

2024-04-09 10:52:16,691 - log/train.log - INFO -               PER: precision:  68.26%; recall:  72.09%; FB1:  70.12  3696

2024-04-09 10:52:16,691 - log/train.log - INFO -              PROD: precision:  44.59%; recall:  28.66%; FB1:  34.89  1922

2024-04-09 10:52:16,873 - log/train.log - INFO - new best dev f1 score:44.300
2024-04-09 10:52:17,425 - log/train.log - INFO - model saved
2024-04-09 10:52:17,425 - log/train.log - INFO - evaluate:test
2024-04-09 10:52:30,669 - log/train.log - INFO - processed 276747 tokens with 22303 phrases; found: 17403 phrases; correct: 8819.

2024-04-09 10:52:30,670 - log/train.log - INFO - accuracy:  82.12%; precision:  50.68%; recall:  39.54%; FB1:  44.42

2024-04-09 10:52:30,670 - log/train.log - INFO -              CORP: precision:  55.76%; recall:  57.33%; FB1:  56.54  4668

2024-04-09 10:52:30,670 - log/train.log - INFO -                CW: precision:  42.76%; recall:  27.53%; FB1:  33.49  6170

2024-04-09 10:52:30,670 - log/train.log - INFO -               GRP: precision:  13.64%; recall:  13.74%; FB1:  13.69  396

2024-04-09 10:52:30,670 - log/train.log - INFO -               LOC: precision:  29.75%; recall:  16.25%; FB1:  21.02  810

2024-04-09 10:52:30,670 - log/train.log - INFO -               PER: precision:  68.49%; recall:  69.13%; FB1:  68.81  3564

2024-04-09 10:52:30,670 - log/train.log - INFO -              PROD: precision:  46.91%; recall:  30.35%; FB1:  36.86  1795

2024-04-09 10:52:30,848 - log/train.log - INFO - new best test f1 score:44.420
2024-04-09 10:52:31,356 - log/train.log - INFO - iteration:2 step:11/389, NER loss: 7.557796
2024-04-09 10:52:37,888 - log/train.log - INFO - iteration:2 step:111/389, NER loss: 6.615369
2024-04-09 10:52:44,277 - log/train.log - INFO - iteration:2 step:211/389, NER loss: 6.255760
2024-04-09 10:52:50,926 - log/train.log - INFO - iteration:2 step:311/389, NER loss: 5.703391
2024-04-09 10:52:56,016 - log/train.log - INFO - evaluate:dev
2024-04-09 10:53:09,246 - log/train.log - INFO - processed 275657 tokens with 21991 phrases; found: 19294 phrases; correct: 11464.

2024-04-09 10:53:09,246 - log/train.log - INFO - accuracy:  84.61%; precision:  59.42%; recall:  52.13%; FB1:  55.54

2024-04-09 10:53:09,247 - log/train.log - INFO -              CORP: precision:  61.12%; recall:  59.09%; FB1:  60.09  3899

2024-04-09 10:53:09,247 - log/train.log - INFO -                CW: precision:  56.92%; recall:  44.92%; FB1:  50.21  7628

2024-04-09 10:53:09,247 - log/train.log - INFO -               GRP: precision:  44.38%; recall:  36.06%; FB1:  39.79  338

2024-04-09 10:53:09,247 - log/train.log - INFO -               LOC: precision:  43.97%; recall:  39.47%; FB1:  41.60  1244

2024-04-09 10:53:09,247 - log/train.log - INFO -               PER: precision:  75.94%; recall:  78.54%; FB1:  77.22  3620

2024-04-09 10:53:09,247 - log/train.log - INFO -              PROD: precision:  50.41%; recall:  43.24%; FB1:  46.55  2565

2024-04-09 10:53:09,384 - log/train.log - INFO - new best dev f1 score:55.540
2024-04-09 10:53:09,786 - log/train.log - INFO - model saved
2024-04-09 10:53:09,786 - log/train.log - INFO - evaluate:test
2024-04-09 10:53:23,124 - log/train.log - INFO - processed 276747 tokens with 22303 phrases; found: 19478 phrases; correct: 11514.

2024-04-09 10:53:23,124 - log/train.log - INFO - accuracy:  84.43%; precision:  59.11%; recall:  51.63%; FB1:  55.12

2024-04-09 10:53:23,124 - log/train.log - INFO -              CORP: precision:  67.06%; recall:  62.95%; FB1:  64.94  4262

2024-04-09 10:53:23,124 - log/train.log - INFO -                CW: precision:  55.01%; recall:  44.01%; FB1:  48.90  7666

2024-04-09 10:53:23,125 - log/train.log - INFO -               GRP: precision:  42.44%; recall:  33.59%; FB1:  37.50  311

2024-04-09 10:53:23,125 - log/train.log - INFO -               LOC: precision:  35.46%; recall:  30.34%; FB1:  32.70  1269

2024-04-09 10:53:23,125 - log/train.log - INFO -               PER: precision:  73.99%; recall:  74.03%; FB1:  74.01  3533

2024-04-09 10:53:23,125 - log/train.log - INFO -              PROD: precision:  51.01%; recall:  44.81%; FB1:  47.71  2437

2024-04-09 10:53:23,263 - log/train.log - INFO - new best test f1 score:55.120
2024-04-09 10:53:24,654 - log/train.log - INFO - iteration:3 step:22/389, NER loss: 5.308364
2024-04-09 10:53:30,945 - log/train.log - INFO - iteration:3 step:122/389, NER loss: 4.773540
2024-04-09 10:53:37,732 - log/train.log - INFO - iteration:3 step:222/389, NER loss: 4.705590
2024-04-09 10:53:44,177 - log/train.log - INFO - iteration:3 step:322/389, NER loss: 4.243070
2024-04-09 10:53:48,277 - log/train.log - INFO - evaluate:dev
2024-04-09 10:54:01,543 - log/train.log - INFO - processed 275657 tokens with 21991 phrases; found: 19257 phrases; correct: 12209.

2024-04-09 10:54:01,543 - log/train.log - INFO - accuracy:  85.37%; precision:  63.40%; recall:  55.52%; FB1:  59.20

2024-04-09 10:54:01,543 - log/train.log - INFO -              CORP: precision:  65.45%; recall:  61.07%; FB1:  63.19  3763

2024-04-09 10:54:01,544 - log/train.log - INFO -                CW: precision:  60.16%; recall:  49.43%; FB1:  54.27  7942

2024-04-09 10:54:01,544 - log/train.log - INFO -               GRP: precision:  46.15%; recall:  53.37%; FB1:  49.50  481

2024-04-09 10:54:01,544 - log/train.log - INFO -               LOC: precision:  56.89%; recall:  45.89%; FB1:  50.80  1118

2024-04-09 10:54:01,544 - log/train.log - INFO -               PER: precision:  78.99%; recall:  76.69%; FB1:  77.82  3398

2024-04-09 10:54:01,544 - log/train.log - INFO -              PROD: precision:  55.81%; recall:  47.69%; FB1:  51.43  2555

2024-04-09 10:54:01,692 - log/train.log - INFO - new best dev f1 score:59.200
2024-04-09 10:54:02,125 - log/train.log - INFO - model saved
2024-04-09 10:54:02,125 - log/train.log - INFO - evaluate:test
2024-04-09 10:54:16,326 - log/train.log - INFO - processed 276747 tokens with 22303 phrases; found: 19349 phrases; correct: 12333.

2024-04-09 10:54:16,326 - log/train.log - INFO - accuracy:  85.20%; precision:  63.74%; recall:  55.30%; FB1:  59.22

2024-04-09 10:54:16,326 - log/train.log - INFO -              CORP: precision:  72.80%; recall:  64.74%; FB1:  68.53  4037

2024-04-09 10:54:16,326 - log/train.log - INFO -                CW: precision:  59.31%; recall:  48.80%; FB1:  53.54  7884

2024-04-09 10:54:16,326 - log/train.log - INFO -               GRP: precision:  47.25%; recall:  54.71%; FB1:  50.71  455

2024-04-09 10:54:16,326 - log/train.log - INFO -               LOC: precision:  48.94%; recall:  37.36%; FB1:  42.37  1132

2024-04-09 10:54:16,327 - log/train.log - INFO -               PER: precision:  77.36%; recall:  74.91%; FB1:  76.12  3419

2024-04-09 10:54:16,327 - log/train.log - INFO -              PROD: precision:  53.84%; recall:  47.01%; FB1:  50.19  2422

2024-04-09 10:54:16,461 - log/train.log - INFO - new best test f1 score:59.220
2024-04-09 10:54:18,367 - log/train.log - INFO - iteration:4 step:33/389, NER loss: 4.052146
2024-04-09 10:54:24,724 - log/train.log - INFO - iteration:4 step:133/389, NER loss: 3.870619
2024-04-09 10:54:31,219 - log/train.log - INFO - iteration:4 step:233/389, NER loss: 3.827381
2024-04-09 10:54:37,477 - log/train.log - INFO - iteration:4 step:333/389, NER loss: 3.542416
2024-04-09 10:54:40,802 - log/train.log - INFO - evaluate:dev
2024-04-09 10:54:54,259 - log/train.log - INFO - processed 275657 tokens with 21991 phrases; found: 18966 phrases; correct: 12480.

2024-04-09 10:54:54,260 - log/train.log - INFO - accuracy:  85.84%; precision:  65.80%; recall:  56.75%; FB1:  60.94

2024-04-09 10:54:54,260 - log/train.log - INFO -              CORP: precision:  65.38%; recall:  64.07%; FB1:  64.72  3952

2024-04-09 10:54:54,260 - log/train.log - INFO -                CW: precision:  62.47%; recall:  50.18%; FB1:  55.65  7764

2024-04-09 10:54:54,260 - log/train.log - INFO -               GRP: precision:  58.92%; recall:  50.00%; FB1:  54.10  353

2024-04-09 10:54:54,260 - log/train.log - INFO -               LOC: precision:  61.90%; recall:  44.08%; FB1:  51.50  987

2024-04-09 10:54:54,260 - log/train.log - INFO -               PER: precision:  78.53%; recall:  81.31%; FB1:  79.90  3624

2024-04-09 10:54:54,260 - log/train.log - INFO -              PROD: precision:  60.41%; recall:  46.19%; FB1:  52.35  2286

2024-04-09 10:54:54,399 - log/train.log - INFO - new best dev f1 score:60.940
2024-04-09 10:54:54,806 - log/train.log - INFO - model saved
2024-04-09 10:54:54,806 - log/train.log - INFO - evaluate:test
2024-04-09 10:55:08,074 - log/train.log - INFO - processed 276747 tokens with 22303 phrases; found: 19284 phrases; correct: 12691.

2024-04-09 10:55:08,074 - log/train.log - INFO - accuracy:  85.74%; precision:  65.81%; recall:  56.90%; FB1:  61.03

2024-04-09 10:55:08,074 - log/train.log - INFO -              CORP: precision:  71.26%; recall:  67.67%; FB1:  69.42  4311

2024-04-09 10:55:08,074 - log/train.log - INFO -                CW: precision:  62.30%; recall:  50.76%; FB1:  55.94  7808

2024-04-09 10:55:08,074 - log/train.log - INFO -               GRP: precision:  57.56%; recall:  50.38%; FB1:  53.73  344

2024-04-09 10:55:08,075 - log/train.log - INFO -               LOC: precision:  51.46%; recall:  35.74%; FB1:  42.18  1030

2024-04-09 10:55:08,075 - log/train.log - INFO -               PER: precision:  76.46%; recall:  77.63%; FB1:  77.04  3585

2024-04-09 10:55:08,075 - log/train.log - INFO -              PROD: precision:  58.30%; recall:  46.36%; FB1:  51.65  2206

2024-04-09 10:55:08,195 - log/train.log - INFO - new best test f1 score:61.030
2024-04-09 10:55:10,759 - log/train.log - INFO - iteration:5 step:44/389, NER loss: 3.327688
2024-04-09 10:55:17,297 - log/train.log - INFO - iteration:5 step:144/389, NER loss: 3.358853
2024-04-09 10:55:23,570 - log/train.log - INFO - iteration:5 step:244/389, NER loss: 3.151984
2024-04-09 10:55:29,911 - log/train.log - INFO - iteration:5 step:344/389, NER loss: 2.993991
2024-04-09 10:55:32,780 - log/train.log - INFO - evaluate:dev
2024-04-09 10:55:46,322 - log/train.log - INFO - processed 275657 tokens with 21991 phrases; found: 18822 phrases; correct: 12722.

2024-04-09 10:55:46,322 - log/train.log - INFO - accuracy:  86.20%; precision:  67.59%; recall:  57.85%; FB1:  62.34

2024-04-09 10:55:46,323 - log/train.log - INFO -              CORP: precision:  72.39%; recall:  59.36%; FB1:  65.23  3307

2024-04-09 10:55:46,323 - log/train.log - INFO -                CW: precision:  64.61%; recall:  52.53%; FB1:  57.95  7859

2024-04-09 10:55:46,323 - log/train.log - INFO -               GRP: precision:  42.72%; recall:  65.62%; FB1:  51.75  639

2024-04-09 10:55:46,323 - log/train.log - INFO -               LOC: precision:  58.66%; recall:  53.54%; FB1:  55.98  1265

2024-04-09 10:55:46,323 - log/train.log - INFO -               PER: precision:  79.27%; recall:  82.17%; FB1:  80.70  3628

2024-04-09 10:55:46,323 - log/train.log - INFO -              PROD: precision:  63.98%; recall:  45.45%; FB1:  53.15  2124

2024-04-09 10:55:46,460 - log/train.log - INFO - new best dev f1 score:62.340
2024-04-09 10:55:46,914 - log/train.log - INFO - model saved
2024-04-09 10:55:46,915 - log/train.log - INFO - evaluate:test
2024-04-09 10:56:00,285 - log/train.log - INFO - processed 276747 tokens with 22303 phrases; found: 19152 phrases; correct: 12888.

2024-04-09 10:56:00,286 - log/train.log - INFO - accuracy:  85.93%; precision:  67.29%; recall:  57.79%; FB1:  62.18

2024-04-09 10:56:00,286 - log/train.log - INFO -              CORP: precision:  78.41%; recall:  63.44%; FB1:  70.13  3673

2024-04-09 10:56:00,286 - log/train.log - INFO -                CW: precision:  63.80%; recall:  52.87%; FB1:  57.82  7940

2024-04-09 10:56:00,286 - log/train.log - INFO -               GRP: precision:  42.43%; recall:  61.32%; FB1:  50.16  568

2024-04-09 10:56:00,286 - log/train.log - INFO -               LOC: precision:  49.60%; recall:  45.65%; FB1:  47.54  1365

2024-04-09 10:56:00,286 - log/train.log - INFO -               PER: precision:  77.36%; recall:  78.36%; FB1:  77.86  3577

2024-04-09 10:56:00,287 - log/train.log - INFO -              PROD: precision:  61.95%; recall:  45.31%; FB1:  52.34  2029

2024-04-09 10:56:00,416 - log/train.log - INFO - new best test f1 score:62.180
2024-04-09 10:56:03,671 - log/train.log - INFO - iteration:6 step:55/389, NER loss: 2.881017
2024-04-09 10:56:10,471 - log/train.log - INFO - iteration:6 step:155/389, NER loss: 2.836167
2024-04-09 10:56:16,622 - log/train.log - INFO - iteration:6 step:255/389, NER loss: 2.663432
2024-04-09 10:56:22,946 - log/train.log - INFO - iteration:6 step:355/389, NER loss: 2.749348
2024-04-09 10:56:25,090 - log/train.log - INFO - evaluate:dev
2024-04-09 10:56:38,494 - log/train.log - INFO - processed 275657 tokens with 21991 phrases; found: 20045 phrases; correct: 13293.

2024-04-09 10:56:38,494 - log/train.log - INFO - accuracy:  86.68%; precision:  66.32%; recall:  60.45%; FB1:  63.25

2024-04-09 10:56:38,494 - log/train.log - INFO -              CORP: precision:  66.05%; recall:  66.95%; FB1:  66.49  4088

2024-04-09 10:56:38,495 - log/train.log - INFO -                CW: precision:  61.64%; recall:  57.25%; FB1:  59.36  8978

2024-04-09 10:56:38,495 - log/train.log - INFO -               GRP: precision:  59.65%; recall:  57.93%; FB1:  58.78  404

2024-04-09 10:56:38,495 - log/train.log - INFO -               LOC: precision:  59.54%; recall:  55.63%; FB1:  57.52  1295

2024-04-09 10:56:38,495 - log/train.log - INFO -               PER: precision:  82.20%; recall:  78.49%; FB1:  80.30  3342

2024-04-09 10:56:38,495 - log/train.log - INFO -              PROD: precision:  67.08%; recall:  43.48%; FB1:  52.76  1938

2024-04-09 10:56:38,631 - log/train.log - INFO - new best dev f1 score:63.250
2024-04-09 10:56:39,099 - log/train.log - INFO - model saved
2024-04-09 10:56:39,099 - log/train.log - INFO - evaluate:test
2024-04-09 10:56:52,561 - log/train.log - INFO - processed 276747 tokens with 22303 phrases; found: 20410 phrases; correct: 13591.

2024-04-09 10:56:52,561 - log/train.log - INFO - accuracy:  86.46%; precision:  66.59%; recall:  60.94%; FB1:  63.64

2024-04-09 10:56:52,561 - log/train.log - INFO -              CORP: precision:  73.30%; recall:  69.54%; FB1:  71.37  4307

2024-04-09 10:56:52,561 - log/train.log - INFO -                CW: precision:  61.24%; recall:  57.75%; FB1:  59.44  9037

2024-04-09 10:56:52,562 - log/train.log - INFO -               GRP: precision:  56.77%; recall:  55.47%; FB1:  56.11  384

2024-04-09 10:56:52,562 - log/train.log - INFO -               LOC: precision:  53.61%; recall:  49.02%; FB1:  51.22  1356

2024-04-09 10:56:52,562 - log/train.log - INFO -               PER: precision:  79.90%; recall:  76.89%; FB1:  78.37  3398

2024-04-09 10:56:52,562 - log/train.log - INFO -              PROD: precision:  64.32%; recall:  44.70%; FB1:  52.74  1928

2024-04-09 10:56:52,703 - log/train.log - INFO - new best test f1 score:63.640
2024-04-09 10:56:56,869 - log/train.log - INFO - iteration:7 step:66/389, NER loss: 2.559954
2024-04-09 10:57:02,940 - log/train.log - INFO - iteration:7 step:166/389, NER loss: 2.369023
2024-04-09 10:57:09,666 - log/train.log - INFO - iteration:7 step:266/389, NER loss: 2.574342
2024-04-09 10:57:15,863 - log/train.log - INFO - iteration:7 step:366/389, NER loss: 2.369138
2024-04-09 10:57:17,441 - log/train.log - INFO - evaluate:dev
2024-04-09 10:57:31,443 - log/train.log - INFO - processed 275657 tokens with 21991 phrases; found: 20207 phrases; correct: 13495.

2024-04-09 10:57:31,444 - log/train.log - INFO - accuracy:  86.93%; precision:  66.78%; recall:  61.37%; FB1:  63.96

2024-04-09 10:57:31,444 - log/train.log - INFO -              CORP: precision:  72.95%; recall:  61.67%; FB1:  66.84  3409

2024-04-09 10:57:31,444 - log/train.log - INFO -                CW: precision:  62.53%; recall:  57.47%; FB1:  59.89  8884

2024-04-09 10:57:31,444 - log/train.log - INFO -               GRP: precision:  55.75%; recall:  61.78%; FB1:  58.61  461

2024-04-09 10:57:31,444 - log/train.log - INFO -               LOC: precision:  58.78%; recall:  56.28%; FB1:  57.50  1327

2024-04-09 10:57:31,444 - log/train.log - INFO -               PER: precision:  79.28%; recall:  84.09%; FB1:  81.61  3712

2024-04-09 10:57:31,445 - log/train.log - INFO -              PROD: precision:  61.02%; recall:  49.26%; FB1:  54.52  2414

2024-04-09 10:57:31,627 - log/train.log - INFO - new best dev f1 score:63.960
2024-04-09 10:57:32,053 - log/train.log - INFO - model saved
2024-04-09 10:57:32,054 - log/train.log - INFO - evaluate:test
2024-04-09 10:57:45,669 - log/train.log - INFO - processed 276747 tokens with 22303 phrases; found: 20421 phrases; correct: 13619.

2024-04-09 10:57:45,669 - log/train.log - INFO - accuracy:  86.44%; precision:  66.69%; recall:  61.06%; FB1:  63.75

2024-04-09 10:57:45,669 - log/train.log - INFO -              CORP: precision:  79.42%; recall:  64.16%; FB1:  70.98  3668

2024-04-09 10:57:45,669 - log/train.log - INFO -                CW: precision:  61.88%; recall:  57.49%; FB1:  59.61  8903

2024-04-09 10:57:45,670 - log/train.log - INFO -               GRP: precision:  54.77%; recall:  62.85%; FB1:  58.53  451

2024-04-09 10:57:45,670 - log/train.log - INFO -               LOC: precision:  53.41%; recall:  50.64%; FB1:  51.99  1406

2024-04-09 10:57:45,670 - log/train.log - INFO -               PER: precision:  77.23%; recall:  80.69%; FB1:  78.92  3689

2024-04-09 10:57:45,670 - log/train.log - INFO -              PROD: precision:  58.59%; recall:  48.67%; FB1:  53.17  2304

2024-04-09 10:57:45,813 - log/train.log - INFO - new best test f1 score:63.750
2024-04-09 10:57:50,932 - log/train.log - INFO - iteration:8 step:77/389, NER loss: 2.176529
2024-04-09 10:57:57,016 - log/train.log - INFO - iteration:8 step:177/389, NER loss: 2.171009
2024-04-09 10:58:03,618 - log/train.log - INFO - iteration:8 step:277/389, NER loss: 2.275774
2024-04-09 10:58:10,094 - log/train.log - INFO - iteration:8 step:377/389, NER loss: 2.236414
2024-04-09 10:58:10,933 - log/train.log - INFO - evaluate:dev
2024-04-09 10:58:25,083 - log/train.log - INFO - processed 275657 tokens with 21991 phrases; found: 19671 phrases; correct: 13589.

2024-04-09 10:58:25,084 - log/train.log - INFO - accuracy:  87.35%; precision:  69.08%; recall:  61.79%; FB1:  65.23

2024-04-09 10:58:25,084 - log/train.log - INFO -              CORP: precision:  71.79%; recall:  63.97%; FB1:  67.65  3594

2024-04-09 10:58:25,084 - log/train.log - INFO -                CW: precision:  65.65%; recall:  57.69%; FB1:  61.41  8493

2024-04-09 10:58:25,084 - log/train.log - INFO -               GRP: precision:  59.81%; recall:  60.82%; FB1:  60.31  423

2024-04-09 10:58:25,084 - log/train.log - INFO -               LOC: precision:  60.63%; recall:  56.78%; FB1:  58.64  1298

2024-04-09 10:58:25,084 - log/train.log - INFO -               PER: precision:  82.25%; recall:  82.06%; FB1:  82.15  3492

2024-04-09 10:58:25,085 - log/train.log - INFO -              PROD: precision:  64.15%; recall:  50.87%; FB1:  56.74  2371

2024-04-09 10:58:25,245 - log/train.log - INFO - new best dev f1 score:65.230
2024-04-09 10:58:25,669 - log/train.log - INFO - model saved
2024-04-09 10:58:25,669 - log/train.log - INFO - evaluate:test
2024-04-09 10:58:39,036 - log/train.log - INFO - processed 276747 tokens with 22303 phrases; found: 19888 phrases; correct: 13665.

2024-04-09 10:58:39,037 - log/train.log - INFO - accuracy:  86.90%; precision:  68.71%; recall:  61.27%; FB1:  64.78

2024-04-09 10:58:39,037 - log/train.log - INFO -              CORP: precision:  78.03%; recall:  66.28%; FB1:  71.68  3856

2024-04-09 10:58:39,037 - log/train.log - INFO -                CW: precision:  65.23%; recall:  57.63%; FB1:  61.20  8465

2024-04-09 10:58:39,037 - log/train.log - INFO -               GRP: precision:  56.74%; recall:  56.74%; FB1:  56.74  393

2024-04-09 10:58:39,037 - log/train.log - INFO -               LOC: precision:  54.18%; recall:  49.36%; FB1:  51.66  1351

2024-04-09 10:58:39,037 - log/train.log - INFO -               PER: precision:  78.85%; recall:  79.50%; FB1:  79.17  3560

2024-04-09 10:58:39,037 - log/train.log - INFO -              PROD: precision:  60.63%; recall:  49.46%; FB1:  54.48  2263

2024-04-09 10:58:39,177 - log/train.log - INFO - new best test f1 score:64.780
2024-04-09 10:58:44,713 - log/train.log - INFO - iteration:9 step:88/389, NER loss: 2.024126
2024-04-09 10:58:51,187 - log/train.log - INFO - iteration:9 step:188/389, NER loss: 2.060483
2024-04-09 10:58:57,761 - log/train.log - INFO - iteration:9 step:288/389, NER loss: 2.058982
2024-04-09 10:59:04,316 - log/train.log - INFO - iteration:9 step:388/389, NER loss: 2.025669
2024-04-09 10:59:04,398 - log/train.log - INFO - evaluate:dev
2024-04-09 10:59:18,227 - log/train.log - INFO - processed 275657 tokens with 21991 phrases; found: 21241 phrases; correct: 14179.

2024-04-09 10:59:18,227 - log/train.log - INFO - accuracy:  87.32%; precision:  66.75%; recall:  64.48%; FB1:  65.59

2024-04-09 10:59:18,228 - log/train.log - INFO -              CORP: precision:  70.58%; recall:  65.39%; FB1:  67.89  3736

2024-04-09 10:59:18,228 - log/train.log - INFO -                CW: precision:  63.76%; recall:  60.29%; FB1:  61.98  9140

2024-04-09 10:59:18,228 - log/train.log - INFO -               GRP: precision:  59.26%; recall:  65.38%; FB1:  62.17  459

2024-04-09 10:59:18,228 - log/train.log - INFO -               LOC: precision:  58.44%; recall:  61.18%; FB1:  59.78  1451

2024-04-09 10:59:18,228 - log/train.log - INFO -               PER: precision:  82.83%; recall:  82.29%; FB1:  82.56  3477

2024-04-09 10:59:18,228 - log/train.log - INFO -              PROD: precision:  57.56%; recall:  57.32%; FB1:  57.44  2978

2024-04-09 10:59:18,379 - log/train.log - INFO - new best dev f1 score:65.590
2024-04-09 10:59:18,836 - log/train.log - INFO - model saved
2024-04-09 10:59:18,836 - log/train.log - INFO - evaluate:test
2024-04-09 10:59:32,804 - log/train.log - INFO - processed 276747 tokens with 22303 phrases; found: 21403 phrases; correct: 14229.

2024-04-09 10:59:32,805 - log/train.log - INFO - accuracy:  86.72%; precision:  66.48%; recall:  63.80%; FB1:  65.11

2024-04-09 10:59:32,805 - log/train.log - INFO -              CORP: precision:  77.23%; recall:  67.84%; FB1:  72.23  3988

2024-04-09 10:59:32,805 - log/train.log - INFO -                CW: precision:  62.89%; recall:  59.98%; FB1:  61.40  9138

2024-04-09 10:59:32,805 - log/train.log - INFO -               GRP: precision:  55.96%; recall:  63.36%; FB1:  59.43  445

2024-04-09 10:59:32,805 - log/train.log - INFO -               LOC: precision:  52.55%; recall:  52.80%; FB1:  52.67  1490

2024-04-09 10:59:32,805 - log/train.log - INFO -               PER: precision:  79.36%; recall:  80.26%; FB1:  79.81  3571

2024-04-09 10:59:32,805 - log/train.log - INFO -              PROD: precision:  55.43%; recall:  55.37%; FB1:  55.40  2771

2024-04-09 10:59:32,964 - log/train.log - INFO - new best test f1 score:65.110
2024-04-09 10:59:39,445 - log/train.log - INFO - iteration:10 step:99/389, NER loss: 1.915741
2024-04-09 10:59:46,025 - log/train.log - INFO - iteration:10 step:199/389, NER loss: 1.956949
2024-04-09 10:59:52,080 - log/train.log - INFO - iteration:10 step:299/389, NER loss: 1.786609
2024-04-09 10:59:58,027 - log/train.log - INFO - evaluate:dev
2024-04-09 11:00:11,396 - log/train.log - INFO - processed 275657 tokens with 21991 phrases; found: 18284 phrases; correct: 13256.

2024-04-09 11:00:11,396 - log/train.log - INFO - accuracy:  87.55%; precision:  72.50%; recall:  60.28%; FB1:  65.83

2024-04-09 11:00:11,396 - log/train.log - INFO -              CORP: precision:  69.84%; recall:  67.47%; FB1:  68.63  3896

2024-04-09 11:00:11,396 - log/train.log - INFO -                CW: precision:  73.52%; recall:  53.99%; FB1:  62.26  7099

2024-04-09 11:00:11,397 - log/train.log - INFO -               GRP: precision:  58.28%; recall:  65.14%; FB1:  61.52  465

2024-04-09 11:00:11,397 - log/train.log - INFO -               LOC: precision:  66.14%; recall:  54.40%; FB1:  59.70  1140

2024-04-09 11:00:11,397 - log/train.log - INFO -               PER: precision:  85.04%; recall:  79.09%; FB1:  81.95  3255

2024-04-09 11:00:11,397 - log/train.log - INFO -              PROD: precision:  62.70%; recall:  50.94%; FB1:  56.21  2429

2024-04-09 11:00:11,552 - log/train.log - INFO - new best dev f1 score:65.830
2024-04-09 11:00:11,960 - log/train.log - INFO - model saved
2024-04-09 11:00:11,960 - log/train.log - INFO - evaluate:test
2024-04-09 11:00:25,271 - log/train.log - INFO - processed 276747 tokens with 22303 phrases; found: 18476 phrases; correct: 13375.

2024-04-09 11:00:25,271 - log/train.log - INFO - accuracy:  87.18%; precision:  72.39%; recall:  59.97%; FB1:  65.60

2024-04-09 11:00:25,271 - log/train.log - INFO -              CORP: precision:  75.93%; recall:  68.50%; FB1:  72.02  4096

2024-04-09 11:00:25,272 - log/train.log - INFO -                CW: precision:  72.96%; recall:  54.04%; FB1:  62.09  7097

2024-04-09 11:00:25,272 - log/train.log - INFO -               GRP: precision:  57.21%; recall:  64.63%; FB1:  60.69  444

2024-04-09 11:00:25,272 - log/train.log - INFO -               LOC: precision:  61.13%; recall:  46.86%; FB1:  53.05  1137

2024-04-09 11:00:25,272 - log/train.log - INFO -               PER: precision:  81.53%; recall:  77.37%; FB1:  79.40  3351

2024-04-09 11:00:25,272 - log/train.log - INFO -              PROD: precision:  59.80%; recall:  50.68%; FB1:  54.87  2351

2024-04-09 11:00:25,421 - log/train.log - INFO - new best test f1 score:65.600
2024-04-09 11:00:26,031 - log/train.log - INFO - iteration:11 step:10/389, NER loss: 1.924863
2024-04-09 11:00:32,326 - log/train.log - INFO - iteration:11 step:110/389, NER loss: 1.781765
2024-04-09 11:00:38,824 - log/train.log - INFO - iteration:11 step:210/389, NER loss: 1.847567
2024-04-09 11:00:45,280 - log/train.log - INFO - iteration:11 step:310/389, NER loss: 1.762009
2024-04-09 11:00:50,189 - log/train.log - INFO - evaluate:dev
2024-04-09 11:01:03,597 - log/train.log - INFO - processed 275657 tokens with 21991 phrases; found: 19860 phrases; correct: 13974.

2024-04-09 11:01:03,598 - log/train.log - INFO - accuracy:  87.83%; precision:  70.36%; recall:  63.54%; FB1:  66.78

2024-04-09 11:01:03,598 - log/train.log - INFO -              CORP: precision:  71.84%; recall:  66.87%; FB1:  69.27  3754

2024-04-09 11:01:03,598 - log/train.log - INFO -                CW: precision:  69.78%; recall:  58.41%; FB1:  63.59  8091

2024-04-09 11:01:03,598 - log/train.log - INFO -               GRP: precision:  67.60%; recall:  58.17%; FB1:  62.53  358

2024-04-09 11:01:03,598 - log/train.log - INFO -               LOC: precision:  60.51%; recall:  61.90%; FB1:  61.20  1418

2024-04-09 11:01:03,598 - log/train.log - INFO -               PER: precision:  83.25%; recall:  81.23%; FB1:  82.23  3415

2024-04-09 11:01:03,599 - log/train.log - INFO -              PROD: precision:  59.77%; recall:  56.45%; FB1:  58.07  2824

2024-04-09 11:01:03,742 - log/train.log - INFO - new best dev f1 score:66.780
2024-04-09 11:01:04,169 - log/train.log - INFO - model saved
2024-04-09 11:01:04,169 - log/train.log - INFO - evaluate:test
2024-04-09 11:01:17,718 - log/train.log - INFO - processed 276747 tokens with 22303 phrases; found: 20127 phrases; correct: 14103.

2024-04-09 11:01:17,719 - log/train.log - INFO - accuracy:  87.28%; precision:  70.07%; recall:  63.23%; FB1:  66.48

2024-04-09 11:01:17,719 - log/train.log - INFO -              CORP: precision:  77.22%; recall:  69.01%; FB1:  72.89  4057

2024-04-09 11:01:17,719 - log/train.log - INFO -                CW: precision:  68.88%; recall:  58.47%; FB1:  63.25  8134

2024-04-09 11:01:17,719 - log/train.log - INFO -               GRP: precision:  65.90%; recall:  58.52%; FB1:  61.99  349

2024-04-09 11:01:17,719 - log/train.log - INFO -               LOC: precision:  57.37%; recall:  56.44%; FB1:  56.90  1459

2024-04-09 11:01:17,719 - log/train.log - INFO -               PER: precision:  81.55%; recall:  78.76%; FB1:  80.13  3410

2024-04-09 11:01:17,719 - log/train.log - INFO -              PROD: precision:  55.89%; recall:  54.76%; FB1:  55.32  2718

2024-04-09 11:01:17,855 - log/train.log - INFO - new best test f1 score:66.480
2024-04-09 11:01:19,150 - log/train.log - INFO - iteration:12 step:21/389, NER loss: 1.740283
2024-04-09 11:01:25,371 - log/train.log - INFO - iteration:12 step:121/389, NER loss: 1.721267
2024-04-09 11:01:31,644 - log/train.log - INFO - iteration:12 step:221/389, NER loss: 1.596879
2024-04-09 11:01:38,336 - log/train.log - INFO - iteration:12 step:321/389, NER loss: 1.699770
